Using pre-set license
Built from '2020.3/staging' branch; Version is '2020.3.25f1 (9b9180224418) revision 10195328'; Using compiler version '192528614'; Build Type 'Release'
OS: 'Windows 10  (10.0.19044) 64bit Core' Language: 'es' Physical Memory: 32577 MB
BatchMode: 1, IsHumanControllingUs: 0, StartBugReporterOnCrash: 0, Is64bit: 1, IsPro: 0

COMMAND LINE ARGUMENTS:
C:\Program Files\Unity\Hub\Editor\2020.3.25f1\Editor\Unity.exe
-adb2
-batchMode
-noUpm
-name
AssetImportWorker0
-projectPath
E:/GitHub/FarmGame-Prototype/FarmGame-Protoype
-logFile
Logs/AssetImportWorker0.log
-srvPort
52826
Successfully changed project path to: E:/GitHub/FarmGame-Prototype/FarmGame-Protoype
E:/GitHub/FarmGame-Prototype/FarmGame-Protoype
Using Asset Import Pipeline V2.
Refreshing native plugins compatible for Editor in 53.73 ms, found 3 plugins.
Preloading 0 native plugins for Editor in 0.00 ms.
Initialize engine version: 2020.3.25f1 (9b9180224418)
[Subsystems] Discovering subsystems at path C:/Program Files/Unity/Hub/Editor/2020.3.25f1/Editor/Data/Resources/UnitySubsystems
[Subsystems] Discovering subsystems at path E:/GitHub/FarmGame-Prototype/FarmGame-Protoype/Assets
GfxDevice: creating device client; threaded=0
Direct3D:
    Version:  Direct3D 11.0 [level 11.1]
    Renderer: NVIDIA GeForce RTX 3060 (ID=0x2504)
    Vendor:   
    VRAM:     12142 MB
    Driver:   31.0.15.1640
Initialize mono
Mono path[0] = 'C:/Program Files/Unity/Hub/Editor/2020.3.25f1/Editor/Data/Managed'
Mono path[1] = 'C:/Program Files/Unity/Hub/Editor/2020.3.25f1/Editor/Data/MonoBleedingEdge/lib/mono/unityjit'
Mono config path = 'C:/Program Files/Unity/Hub/Editor/2020.3.25f1/Editor/Data/MonoBleedingEdge/etc'
Using monoOptions --debugger-agent=transport=dt_socket,embedding=1,server=y,suspend=n,address=127.0.0.1:56856
Begin MonoManager ReloadAssembly
Registering precompiled unity dll's ...
Register platform support module: C:/Program Files/Unity/Hub/Editor/2020.3.25f1/Editor/Data/PlaybackEngines/WindowsStandaloneSupport/UnityEditor.WindowsStandalone.Extensions.dll
Registered in 0.002176 seconds.
Native extension for WindowsStandalone target not found
Refreshing native plugins compatible for Editor in 54.83 ms, found 3 plugins.
Preloading 0 native plugins for Editor in 0.00 ms.
Mono: successfully reloaded assembly
- Completed reload, in  0.577 seconds
Domain Reload Profiling:
	ReloadAssembly (577ms)
		BeginReloadAssembly (32ms)
			ExecutionOrderSort (0ms)
			DisableScriptedObjects (0ms)
			BackupInstance (0ms)
			ReleaseScriptingObjects (0ms)
			CreateAndSetChildDomain (1ms)
		EndReloadAssembly (472ms)
			LoadAssemblies (31ms)
			RebuildTransferFunctionScriptingTraits (0ms)
			SetupTypeCache (137ms)
			ReleaseScriptCaches (0ms)
			RebuildScriptCaches (28ms)
			SetupLoadedEditorAssemblies (203ms)
				LogAssemblyErrors (0ms)
				InitializePlatformSupportModulesInManaged (5ms)
				SetLoadedEditorAssemblies (0ms)
				RefreshPlugins (55ms)
				BeforeProcessingInitializeOnLoad (15ms)
				ProcessInitializeOnLoadAttributes (98ms)
				ProcessInitializeOnLoadMethodAttributes (30ms)
				AfterProcessingInitializeOnLoad (0ms)
				EditorAssembliesLoaded (0ms)
			ExecutionOrderSort2 (0ms)
			AwakeInstancesAfterBackupRestoration (0ms)
Platform modules already initialized, skipping
Registering precompiled user dll's ...
Registered in 0.003997 seconds.
Begin MonoManager ReloadAssembly
Native extension for WindowsStandalone target not found
Refreshing native plugins compatible for Editor in 53.56 ms, found 3 plugins.
Preloading 0 native plugins for Editor in 0.00 ms.
Mono: successfully reloaded assembly
- Completed reload, in  1.156 seconds
Domain Reload Profiling:
	ReloadAssembly (1157ms)
		BeginReloadAssembly (119ms)
			ExecutionOrderSort (0ms)
			DisableScriptedObjects (5ms)
			BackupInstance (0ms)
			ReleaseScriptingObjects (0ms)
			CreateAndSetChildDomain (16ms)
		EndReloadAssembly (976ms)
			LoadAssemblies (76ms)
			RebuildTransferFunctionScriptingTraits (0ms)
			SetupTypeCache (308ms)
			ReleaseScriptCaches (0ms)
			RebuildScriptCaches (50ms)
			SetupLoadedEditorAssemblies (404ms)
				LogAssemblyErrors (0ms)
				InitializePlatformSupportModulesInManaged (4ms)
				SetLoadedEditorAssemblies (0ms)
				RefreshPlugins (54ms)
				BeforeProcessingInitializeOnLoad (76ms)
				ProcessInitializeOnLoadAttributes (246ms)
				ProcessInitializeOnLoadMethodAttributes (18ms)
				AfterProcessingInitializeOnLoad (7ms)
				EditorAssembliesLoaded (0ms)
			ExecutionOrderSort2 (0ms)
			AwakeInstancesAfterBackupRestoration (6ms)
Platform modules already initialized, skipping
========================================================================
Worker process is ready to serve import requests
Launched and connected shader compiler UnityShaderCompiler.exe after 0.03 seconds
Refreshing native plugins compatible for Editor in 0.40 ms, found 3 plugins.
Preloading 0 native plugins for Editor in 0.00 ms.
Unloading 2588 Unused Serialized files (Serialized files now loaded: 0)
System memory in use before: 112.6 MB.
System memory in use after: 112.8 MB.

Unloading 31 unused Assets to reduce memory usage. Loaded Objects now: 3026.
Total: 2.356200 ms (FindLiveObjects: 0.298700 ms CreateObjectMapping: 0.051400 ms MarkObjects: 1.952900 ms  DeleteObjects: 0.051900 ms)

AssetImportParameters requested are different than current active one (requested -> active):
  custom:framework-win-MediaFoundation: 216162199b28c13a410421893ffa2e32 -> 
  custom:video-decoder-ogg-theora: a1e56fd34408186e4bbccfd4996cb3dc -> 
  custom:container-muxer-webm: aa71ff27fc2769a1b78a27578f13a17b -> 
  custom:container-demuxer-webm: 4f35f7cbe854078d1ac9338744f61a02 -> 
  custom:container-demuxer-ogg: 62fdf1f143b41e24485cea50d1cbac27 -> 
  custom:video-encoder-webm-vp8: eb34c28f22e8b96e1ab97ce403110664 -> 
  custom:video-decoder-webm-vp8: 9c59270c3fd7afecdb556c50c9e8de78 -> 
  custom:audio-decoder-ogg-vorbis: bf7c407c2cedff20999df2af8eb42d56 -> 
  custom:audio-encoder-webm-vorbis: bf7c407c2cedff20999df2af8eb42d56 -> 
========================================================================
Received Import Request.
  path: Assets/Prefab/Items/Materials/Piedra.prefab
  artifactKey: Guid(07c55ce424663f340a2e9f97254de8a6) Importer(815301076,1909f56bfc062723c751e8b465ee728b)
Start importing Assets/Prefab/Items/Materials/Piedra.prefab using Guid(07c55ce424663f340a2e9f97254de8a6) Importer(815301076,1909f56bfc062723c751e8b465ee728b)  -> (artifact id: 'a49c9cb2fe46a2d604443d5d492b9b3e') in 0.090997 seconds 
  Import took 0.094287 seconds .

========================================================================
Received Import Request.
  Time since last request: 5.758288 seconds.
  path: Assets/Prefab/Items/Fruits/Durazno.prefab
  artifactKey: Guid(fb2a415ea332c42459e68ce786b7700e) Importer(815301076,1909f56bfc062723c751e8b465ee728b)
Start importing Assets/Prefab/Items/Fruits/Durazno.prefab using Guid(fb2a415ea332c42459e68ce786b7700e) Importer(815301076,1909f56bfc062723c751e8b465ee728b)  -> (artifact id: '51f0a60b6cbc921ddd630f3b157aad70') in 0.015626 seconds 
  Import took 0.019300 seconds .

========================================================================
Received Import Request.
  Time since last request: 56.547738 seconds.
  path: Assets/Prefab/Items/Crops
  artifactKey: Guid(f9b3912ff3cc48941adce72d9d75ead7) Importer(815301076,1909f56bfc062723c751e8b465ee728b)
Start importing Assets/Prefab/Items/Crops using Guid(f9b3912ff3cc48941adce72d9d75ead7) Importer(815301076,1909f56bfc062723c751e8b465ee728b)  -> (artifact id: '3042b9551641b0857fdbb7685aba7d2f') in 0.005833 seconds 
  Import took 0.009586 seconds .

========================================================================
Received Import Request.
  Time since last request: 3.108478 seconds.
  path: Assets/Prefab/Items/Crops/Trigo.prefab
  artifactKey: Guid(33b05d69381b25f49969b26f28bd41a3) Importer(815301076,1909f56bfc062723c751e8b465ee728b)
Start importing Assets/Prefab/Items/Crops/Trigo.prefab using Guid(33b05d69381b25f49969b26f28bd41a3) Importer(815301076,1909f56bfc062723c751e8b465ee728b)  -> (artifact id: 'aee1cfc9c173ba3ee16c6dd51016a0d2') in 0.013833 seconds 
  Import took 0.017494 seconds .

========================================================================
Received Import Request.
  Time since last request: 4.616159 seconds.
  path: Assets/Prefab/Items/Seeds
  artifactKey: Guid(d532d663d1d264047951ef3fedb1727a) Importer(815301076,1909f56bfc062723c751e8b465ee728b)
Start importing Assets/Prefab/Items/Seeds using Guid(d532d663d1d264047951ef3fedb1727a) Importer(815301076,1909f56bfc062723c751e8b465ee728b)  -> (artifact id: '956492acfd03856e76c2c12bd79b41a2') in 0.005003 seconds 
  Import took 0.008647 seconds .

========================================================================
Received Import Request.
  Time since last request: 13.583447 seconds.
  path: Assets/Prefab/Items/Seeds/SemillasDurazno.prefab
  artifactKey: Guid(79e9144abccc3074a9add4a8f17edfca) Importer(815301076,1909f56bfc062723c751e8b465ee728b)
Start importing Assets/Prefab/Items/Seeds/SemillasDurazno.prefab using Guid(79e9144abccc3074a9add4a8f17edfca) Importer(815301076,1909f56bfc062723c751e8b465ee728b)  -> (artifact id: '50cab810f8ac310b6cdd0a9a7dcc3587') in 0.015970 seconds 
  Import took 0.019785 seconds .

========================================================================
Received Import Request.
  Time since last request: 1.098701 seconds.
  path: Assets/Prefab/Items/Seeds/SemillaTrigo.prefab
  artifactKey: Guid(30754655191bda641a8d70a6ae1005a7) Importer(815301076,1909f56bfc062723c751e8b465ee728b)
Start importing Assets/Prefab/Items/Seeds/SemillaTrigo.prefab using Guid(30754655191bda641a8d70a6ae1005a7) Importer(815301076,1909f56bfc062723c751e8b465ee728b)  -> (artifact id: '0f16c9e7743d52552a782e43cfefb775') in 0.014346 seconds 
  Import took 0.018033 seconds .

========================================================================
Received Import Request.
  Time since last request: 4.616011 seconds.
  path: Assets/Prefab/Items/Materials/Pasto.prefab
  artifactKey: Guid(5e3891e804717344fb4af1e48ae388fb) Importer(815301076,1909f56bfc062723c751e8b465ee728b)
Start importing Assets/Prefab/Items/Materials/Pasto.prefab using Guid(5e3891e804717344fb4af1e48ae388fb) Importer(815301076,1909f56bfc062723c751e8b465ee728b)  -> (artifact id: 'd1b22ddd2d09f618bc87b92fd856fd9d') in 0.012602 seconds 
  Import took 0.016504 seconds .

========================================================================
Received Import Request.
  Time since last request: 9.402572 seconds.
  path: Assets/Prefab/Items/Materials/Madera.prefab
  artifactKey: Guid(5749362539a0a6648b8b71dd97c43ffc) Importer(815301076,1909f56bfc062723c751e8b465ee728b)
Start importing Assets/Prefab/Items/Materials/Madera.prefab using Guid(5749362539a0a6648b8b71dd97c43ffc) Importer(815301076,1909f56bfc062723c751e8b465ee728b)  -> (artifact id: '4d004f60ffe23f7d38f32b4f606309bf') in 0.015506 seconds 
  Import took 0.019211 seconds .

AssetImportWorkerClient::OnTransportError - code=2 error=End of file
