Using pre-set license
Built from '2020.3/staging' branch; Version is '2020.3.25f1 (9b9180224418) revision 10195328'; Using compiler version '192528614'; Build Type 'Release'
OS: 'Windows 10  (10.0.19044) 64bit Core' Language: 'es' Physical Memory: 32577 MB
BatchMode: 1, IsHumanControllingUs: 0, StartBugReporterOnCrash: 0, Is64bit: 1, IsPro: 0

COMMAND LINE ARGUMENTS:
C:\Program Files\Unity\Hub\Editor\2020.3.25f1\Editor\Unity.exe
-adb2
-batchMode
-noUpm
-name
AssetImportWorker0
-projectPath
E:/GitHub/FarmGame-Prototype/FarmGame-Protoype
-logFile
Logs/AssetImportWorker0.log
-srvPort
50695
Successfully changed project path to: E:/GitHub/FarmGame-Prototype/FarmGame-Protoype
E:/GitHub/FarmGame-Prototype/FarmGame-Protoype
Using Asset Import Pipeline V2.
Refreshing native plugins compatible for Editor in 51.16 ms, found 3 plugins.
Preloading 0 native plugins for Editor in 0.00 ms.
Initialize engine version: 2020.3.25f1 (9b9180224418)
[Subsystems] Discovering subsystems at path C:/Program Files/Unity/Hub/Editor/2020.3.25f1/Editor/Data/Resources/UnitySubsystems
[Subsystems] Discovering subsystems at path E:/GitHub/FarmGame-Prototype/FarmGame-Protoype/Assets
GfxDevice: creating device client; threaded=0
Direct3D:
    Version:  Direct3D 11.0 [level 11.1]
    Renderer: NVIDIA GeForce RTX 3060 (ID=0x2504)
    Vendor:   
    VRAM:     12142 MB
    Driver:   31.0.15.1640
Initialize mono
Mono path[0] = 'C:/Program Files/Unity/Hub/Editor/2020.3.25f1/Editor/Data/Managed'
Mono path[1] = 'C:/Program Files/Unity/Hub/Editor/2020.3.25f1/Editor/Data/MonoBleedingEdge/lib/mono/unityjit'
Mono config path = 'C:/Program Files/Unity/Hub/Editor/2020.3.25f1/Editor/Data/MonoBleedingEdge/etc'
Using monoOptions --debugger-agent=transport=dt_socket,embedding=1,server=y,suspend=n,address=127.0.0.1:56868
Begin MonoManager ReloadAssembly
Registering precompiled unity dll's ...
Register platform support module: C:/Program Files/Unity/Hub/Editor/2020.3.25f1/Editor/Data/PlaybackEngines/WindowsStandaloneSupport/UnityEditor.WindowsStandalone.Extensions.dll
Registered in 0.002122 seconds.
Native extension for WindowsStandalone target not found
Refreshing native plugins compatible for Editor in 51.86 ms, found 3 plugins.
Preloading 0 native plugins for Editor in 0.00 ms.
Mono: successfully reloaded assembly
- Completed reload, in  0.562 seconds
Domain Reload Profiling:
	ReloadAssembly (562ms)
		BeginReloadAssembly (34ms)
			ExecutionOrderSort (0ms)
			DisableScriptedObjects (0ms)
			BackupInstance (0ms)
			ReleaseScriptingObjects (0ms)
			CreateAndSetChildDomain (1ms)
		EndReloadAssembly (457ms)
			LoadAssemblies (33ms)
			RebuildTransferFunctionScriptingTraits (0ms)
			SetupTypeCache (136ms)
			ReleaseScriptCaches (0ms)
			RebuildScriptCaches (29ms)
			SetupLoadedEditorAssemblies (186ms)
				LogAssemblyErrors (0ms)
				InitializePlatformSupportModulesInManaged (5ms)
				SetLoadedEditorAssemblies (0ms)
				RefreshPlugins (52ms)
				BeforeProcessingInitializeOnLoad (14ms)
				ProcessInitializeOnLoadAttributes (85ms)
				ProcessInitializeOnLoadMethodAttributes (30ms)
				AfterProcessingInitializeOnLoad (0ms)
				EditorAssembliesLoaded (0ms)
			ExecutionOrderSort2 (0ms)
			AwakeInstancesAfterBackupRestoration (0ms)
Platform modules already initialized, skipping
Registering precompiled user dll's ...
Registered in 0.003351 seconds.
Begin MonoManager ReloadAssembly
Native extension for WindowsStandalone target not found
Refreshing native plugins compatible for Editor in 51.86 ms, found 3 plugins.
Preloading 0 native plugins for Editor in 0.00 ms.
Mono: successfully reloaded assembly
- Completed reload, in  1.122 seconds
Domain Reload Profiling:
	ReloadAssembly (1124ms)
		BeginReloadAssembly (120ms)
			ExecutionOrderSort (0ms)
			DisableScriptedObjects (5ms)
			BackupInstance (0ms)
			ReleaseScriptingObjects (0ms)
			CreateAndSetChildDomain (16ms)
		EndReloadAssembly (945ms)
			LoadAssemblies (77ms)
			RebuildTransferFunctionScriptingTraits (0ms)
			SetupTypeCache (292ms)
			ReleaseScriptCaches (0ms)
			RebuildScriptCaches (49ms)
			SetupLoadedEditorAssemblies (402ms)
				LogAssemblyErrors (0ms)
				InitializePlatformSupportModulesInManaged (4ms)
				SetLoadedEditorAssemblies (0ms)
				RefreshPlugins (52ms)
				BeforeProcessingInitializeOnLoad (77ms)
				ProcessInitializeOnLoadAttributes (245ms)
				ProcessInitializeOnLoadMethodAttributes (18ms)
				AfterProcessingInitializeOnLoad (6ms)
				EditorAssembliesLoaded (0ms)
			ExecutionOrderSort2 (0ms)
			AwakeInstancesAfterBackupRestoration (6ms)
Platform modules already initialized, skipping
========================================================================
Worker process is ready to serve import requests
Launched and connected shader compiler UnityShaderCompiler.exe after 0.04 seconds
Refreshing native plugins compatible for Editor in 0.38 ms, found 3 plugins.
Preloading 0 native plugins for Editor in 0.00 ms.
Unloading 2578 Unused Serialized files (Serialized files now loaded: 0)
System memory in use before: 112.0 MB.
System memory in use after: 112.2 MB.

Unloading 31 unused Assets to reduce memory usage. Loaded Objects now: 3012.
Total: 2.276800 ms (FindLiveObjects: 0.140500 ms CreateObjectMapping: 0.046200 ms MarkObjects: 2.029500 ms  DeleteObjects: 0.059900 ms)

AssetImportParameters requested are different than current active one (requested -> active):
  custom:framework-win-MediaFoundation: 216162199b28c13a410421893ffa2e32 -> 
  custom:video-decoder-ogg-theora: a1e56fd34408186e4bbccfd4996cb3dc -> 
  custom:container-muxer-webm: aa71ff27fc2769a1b78a27578f13a17b -> 
  custom:container-demuxer-webm: 4f35f7cbe854078d1ac9338744f61a02 -> 
  custom:container-demuxer-ogg: 62fdf1f143b41e24485cea50d1cbac27 -> 
  custom:video-encoder-webm-vp8: eb34c28f22e8b96e1ab97ce403110664 -> 
  custom:video-decoder-webm-vp8: 9c59270c3fd7afecdb556c50c9e8de78 -> 
  custom:audio-decoder-ogg-vorbis: bf7c407c2cedff20999df2af8eb42d56 -> 
  custom:audio-encoder-webm-vorbis: bf7c407c2cedff20999df2af8eb42d56 -> 
========================================================================
Received Import Request.
  path: Assets/InputSystems
  artifactKey: Guid(a3f2d834134780d48a3b877452e23008) Importer(815301076,1909f56bfc062723c751e8b465ee728b)
Start importing Assets/InputSystems using Guid(a3f2d834134780d48a3b877452e23008) Importer(815301076,1909f56bfc062723c751e8b465ee728b)  -> (artifact id: 'f31b05b3b9e75b70d3d022af13ef2e1e') in 0.006838 seconds 
  Import took 0.009420 seconds .

========================================================================
Received Import Request.
  Time since last request: 36.322285 seconds.
  path: Assets/InputSystems/PlayerControls.inputactions
  artifactKey: Guid(51b7bfbc6bf99634b90656e6c535cb49) Importer(815301076,1909f56bfc062723c751e8b465ee728b)
Start importing Assets/InputSystems/PlayerControls.inputactions using Guid(51b7bfbc6bf99634b90656e6c535cb49) Importer(815301076,1909f56bfc062723c751e8b465ee728b)  -> (artifact id: '98ad7256467891216495bb40d82589e6') in 0.045434 seconds 
  Import took 0.048996 seconds .

========================================================================
Received Import Request.
  Time since last request: 121.891092 seconds.
  path: Assets
  artifactKey: Guid(00000000000000001000000000000000) Importer(815301076,1909f56bfc062723c751e8b465ee728b)
Start importing Assets using Guid(00000000000000001000000000000000) Importer(815301076,1909f56bfc062723c751e8b465ee728b)  -> (artifact id: '42d402b061de3733987d63b9cc3b64de') in 0.006716 seconds 
  Import took 0.010663 seconds .

========================================================================
Received Import Request.
  Time since last request: 3.624158 seconds.
  path: Assets/Art
  artifactKey: Guid(167b9433a3f83514ea5bcce18d368d89) Importer(815301076,1909f56bfc062723c751e8b465ee728b)
Start importing Assets/Art using Guid(167b9433a3f83514ea5bcce18d368d89) Importer(815301076,1909f56bfc062723c751e8b465ee728b)  -> (artifact id: '03d0bbeb7ac33fd3bef15a795312cb2e') in 0.005494 seconds 
  Import took 0.008925 seconds .

========================================================================
Received Import Request.
  Time since last request: 6.692124 seconds.
  path: Assets/Art/Sprites
  artifactKey: Guid(004b288801c35f6498d91c6ccf793e5e) Importer(815301076,1909f56bfc062723c751e8b465ee728b)
Start importing Assets/Art/Sprites using Guid(004b288801c35f6498d91c6ccf793e5e) Importer(815301076,1909f56bfc062723c751e8b465ee728b)  -> (artifact id: 'c826dc85aa615e602c0ab92dcf85a633') in 0.004995 seconds 
  Import took 0.008454 seconds .

========================================================================
Received Import Request.
  Time since last request: 168.754877 seconds.
  path: Assets/Art/TileSet
  artifactKey: Guid(c4d0e4957001165419cc95a6f0c4be90) Importer(815301076,1909f56bfc062723c751e8b465ee728b)
Start importing Assets/Art/TileSet using Guid(c4d0e4957001165419cc95a6f0c4be90) Importer(815301076,1909f56bfc062723c751e8b465ee728b)  -> (artifact id: '2562a6986e8af5f8c7103ee03a17ae50') in 0.004889 seconds 
  Import took 0.008439 seconds .

========================================================================
Received Import Request.
  Time since last request: 11.925316 seconds.
  path: Assets/Art/Tileset
  artifactKey: Guid(c4d0e4957001165419cc95a6f0c4be90) Importer(815301076,1909f56bfc062723c751e8b465ee728b)
Start importing Assets/Art/Tileset using Guid(c4d0e4957001165419cc95a6f0c4be90) Importer(815301076,1909f56bfc062723c751e8b465ee728b)  -> (artifact id: 'e3d541f8d328581fd92a931d5dd6c434') in 0.004938 seconds 
  Import took 0.008542 seconds .

========================================================================
Received Import Request.
  Time since last request: 11.330358 seconds.
  path: Assets/Art/Tileset/Fences.png
  artifactKey: Guid(982a42022459b7d489608ed94fe808a3) Importer(815301076,1909f56bfc062723c751e8b465ee728b)
Start importing Assets/Art/Tileset/Fences.png using Guid(982a42022459b7d489608ed94fe808a3) Importer(815301076,1909f56bfc062723c751e8b465ee728b)  -> (artifact id: '746fa95abc6eb994734e03a823def452') in 0.097304 seconds 
  Import took 0.101263 seconds .

========================================================================
Received Import Request.
  Time since last request: 0.000188 seconds.
  path: Assets/Art/Tileset/Hills.png
  artifactKey: Guid(451fdfd94ef82014fa56674a9f7b4eb5) Importer(815301076,1909f56bfc062723c751e8b465ee728b)
Start importing Assets/Art/Tileset/Hills.png using Guid(451fdfd94ef82014fa56674a9f7b4eb5) Importer(815301076,1909f56bfc062723c751e8b465ee728b)  -> (artifact id: '575f5a3c547303166ade0e3f8eeb50bc') in 0.015610 seconds 
  Import took 0.019078 seconds .

========================================================================
Received Import Request.
  Time since last request: 0.000179 seconds.
  path: Assets/Art/Tileset/Wooden House.png
  artifactKey: Guid(dc090adefc3895e4897aa4d88f28c334) Importer(815301076,1909f56bfc062723c751e8b465ee728b)
Start importing Assets/Art/Tileset/Wooden House.png using Guid(dc090adefc3895e4897aa4d88f28c334) Importer(815301076,1909f56bfc062723c751e8b465ee728b)  -> (artifact id: '55bb0df54bdcd1452c447618e75c8659') in 0.016454 seconds 
  Import took 0.019838 seconds .

========================================================================
Received Import Request.
  Time since last request: 0.000175 seconds.
  path: Assets/Art/Tileset/Paths.png
  artifactKey: Guid(86e80c0d919c4b241834d0e2351e77fc) Importer(815301076,1909f56bfc062723c751e8b465ee728b)
Start importing Assets/Art/Tileset/Paths.png using Guid(86e80c0d919c4b241834d0e2351e77fc) Importer(815301076,1909f56bfc062723c751e8b465ee728b)  -> (artifact id: '8b5c520ae656bf5e933e6c88ae0c94a9') in 0.012689 seconds 
  Import took 0.016088 seconds .

========================================================================
Received Import Request.
  Time since last request: 0.000159 seconds.
  path: Assets/Art/Tileset/Grass.png
  artifactKey: Guid(04d8285bc8641074b93685db6095a409) Importer(815301076,1909f56bfc062723c751e8b465ee728b)
Start importing Assets/Art/Tileset/Grass.png using Guid(04d8285bc8641074b93685db6095a409) Importer(815301076,1909f56bfc062723c751e8b465ee728b)  -> (artifact id: 'dca83c6e61a046ed6968b56a5dd01b66') in 0.015581 seconds 
  Import took 0.019026 seconds .

========================================================================
Received Import Request.
  Time since last request: 0.000171 seconds.
  path: Assets/Art/Tileset/Wood Bridge.png
  artifactKey: Guid(536f38ad088986f46b7466ff08378891) Importer(815301076,1909f56bfc062723c751e8b465ee728b)
Start importing Assets/Art/Tileset/Wood Bridge.png using Guid(536f38ad088986f46b7466ff08378891) Importer(815301076,1909f56bfc062723c751e8b465ee728b)  -> (artifact id: 'f35ef7314a81c078bc15e7658b0092b1') in 0.012721 seconds 
  Import took 0.015963 seconds .

========================================================================
Received Import Request.
  Time since last request: 0.000157 seconds.
  path: Assets/Art/Tileset/Tilled Dirt.png
  artifactKey: Guid(d76c3095dd416f04ab7d8cde2ac8a751) Importer(815301076,1909f56bfc062723c751e8b465ee728b)
Start importing Assets/Art/Tileset/Tilled Dirt.png using Guid(d76c3095dd416f04ab7d8cde2ac8a751) Importer(815301076,1909f56bfc062723c751e8b465ee728b)  -> (artifact id: '391ae9f154172510df6a7c8f12f6f0e7') in 0.014417 seconds 
  Import took 0.017687 seconds .

========================================================================
Received Import Request.
  Time since last request: 0.000157 seconds.
  path: Assets/Art/Tileset/Water.png
  artifactKey: Guid(a41ee07a73c14c84d8af3d3624281798) Importer(815301076,1909f56bfc062723c751e8b465ee728b)
Start importing Assets/Art/Tileset/Water.png using Guid(a41ee07a73c14c84d8af3d3624281798) Importer(815301076,1909f56bfc062723c751e8b465ee728b)  -> (artifact id: 'd1e69b5f51df7e17cbc0fcbda6e5ce75') in 0.012245 seconds 
  Import took 0.015488 seconds .

AssetImportWorkerClient::OnTransportError - code=2 error=End of file
